<?xml version="1.0" encoding="UTF-8"?>
<testng-results skipped="0" failed="0" ignored="0" total="1" passed="1">
  <reporter-output>
  </reporter-output>
  <suite name="Suite" duration-ms="78663" started-at="2020-07-16T10:11:08Z" finished-at="2020-07-16T10:12:27Z">
    <groups>
      <group name="cucumber">
        <method signature="AbstractTestNGCucumberTests.feature(cucumber.api.testng.CucumberFeatureWrapper)[pri:0, instance:testRunner.TestRunner@6c3708b3]" name="feature" class="cucumber.api.testng.AbstractTestNGCucumberTests"/>
      </group> <!-- cucumber -->
    </groups>
    <test name="Test" duration-ms="78663" started-at="2020-07-16T10:11:08Z" finished-at="2020-07-16T10:12:27Z">
      <class name="testRunner.TestRunner">
        <test-method status="PASS" signature="setUpClass()[pri:0, instance:testRunner.TestRunner@6c3708b3]" name="setUpClass" is-config="true" duration-ms="434" started-at="2020-07-16T10:11:08Z" finished-at="2020-07-16T10:11:09Z">
          <reporter-output>
          </reporter-output>
        </test-method> <!-- setUpClass -->
        <test-method status="PASS" signature="feature(cucumber.api.testng.CucumberFeatureWrapper)[pri:0, instance:testRunner.TestRunner@6c3708b3]" name="feature" duration-ms="77611" started-at="2020-07-16T10:11:09Z" description="Runs Cucumber Feature" data-provider="features" finished-at="2020-07-16T10:12:27Z">
          <params>
            <param index="0">
              <value>
                <![CDATA[Verify E2E cucumber features validations with test website]]>
              </value>
            </param>
          </params>
          <reporter-output>
          </reporter-output>
        </test-method> <!-- feature -->
        <test-method status="PASS" signature="tearDownClass()[pri:0, instance:testRunner.TestRunner@6c3708b3]" name="tearDownClass" is-config="true" duration-ms="33" started-at="2020-07-16T10:12:27Z" finished-at="2020-07-16T10:12:27Z">
          <reporter-output>
          </reporter-output>
        </test-method> <!-- tearDownClass -->
      </class> <!-- testRunner.TestRunner -->
    </test> <!-- Test -->
  </suite> <!-- Suite -->
</testng-results>
